<?xml version="1.0" encoding="UTF-8"?>
<testsuite xmlns:xsi="http://www.w3.org/2001/XMLSchema-instance" xsi:noNamespaceSchemaLocation="https://maven.apache.org/surefire/maven-surefire-plugin/xsd/surefire-test-report-3.0.xsd" version="3.0" name="Main.Game.Collectible.Potions.PotionCollisionHandlerTest" time="0.007" tests="6" errors="0" skipped="0" failures="0">
  <properties>
    <property name="java.specification.version" value="23"/>
    <property name="sun.jnu.encoding" value="UTF-8"/>
    <property name="java.class.path" value="/Users/svenfischer/IdeaProjects/LastSurvivor/target/test-classes:/Users/svenfischer/IdeaProjects/LastSurvivor/target/classes:/Users/svenfischer/.m2/repository/org/slf4j/slf4j-api/2.0.7/slf4j-api-2.0.7.jar:/Users/svenfischer/.m2/repository/org/apache/logging/log4j/log4j-slf4j2-impl/2.20.0/log4j-slf4j2-impl-2.20.0.jar:/Users/svenfischer/.m2/repository/org/apache/logging/log4j/log4j-api/2.20.0/log4j-api-2.20.0.jar:/Users/svenfischer/.m2/repository/org/apache/logging/log4j/log4j-core/2.20.0/log4j-core-2.20.0.jar:/Users/svenfischer/.m2/repository/org/junit/jupiter/junit-jupiter-api/5.9.1/junit-jupiter-api-5.9.1.jar:/Users/svenfischer/.m2/repository/org/opentest4j/opentest4j/1.2.0/opentest4j-1.2.0.jar:/Users/svenfischer/.m2/repository/org/junit/platform/junit-platform-commons/1.9.1/junit-platform-commons-1.9.1.jar:/Users/svenfischer/.m2/repository/org/apiguardian/apiguardian-api/1.1.2/apiguardian-api-1.1.2.jar:/Users/svenfischer/.m2/repository/org/junit/jupiter/junit-jupiter-params/5.9.1/junit-jupiter-params-5.9.1.jar:"/>
    <property name="sun.awt.enableExtraMouseButtons" value="true"/>
    <property name="java.vm.vendor" value="Homebrew"/>
    <property name="sun.arch.data.model" value="64"/>
    <property name="java.vendor.url" value="https://github.com/Homebrew/homebrew-core/issues"/>
    <property name="user.timezone" value="Europe/Bratislava"/>
    <property name="os.name" value="Mac OS X"/>
    <property name="java.vm.specification.version" value="23"/>
    <property name="sun.java.launcher" value="SUN_STANDARD"/>
    <property name="user.country" value="SK"/>
    <property name="sun.boot.library.path" value="/opt/homebrew/Cellar/openjdk/23.0.2/libexec/openjdk.jdk/Contents/Home/lib"/>
    <property name="sun.java.command" value="/Users/svenfischer/IdeaProjects/LastSurvivor/target/surefire/surefirebooter-20250427182632732_3.jar /Users/svenfischer/IdeaProjects/LastSurvivor/target/surefire 2025-04-27T18-26-32_667-jvmRun1 surefire-20250427182632732_1tmp surefire_0-20250427182632732_2tmp"/>
    <property name="http.nonProxyHosts" value="local|*.local|169.254/16|*.169.254/16"/>
    <property name="jdk.debug" value="release"/>
    <property name="surefire.test.class.path" value="/Users/svenfischer/IdeaProjects/LastSurvivor/target/test-classes:/Users/svenfischer/IdeaProjects/LastSurvivor/target/classes:/Users/svenfischer/.m2/repository/org/slf4j/slf4j-api/2.0.7/slf4j-api-2.0.7.jar:/Users/svenfischer/.m2/repository/org/apache/logging/log4j/log4j-slf4j2-impl/2.20.0/log4j-slf4j2-impl-2.20.0.jar:/Users/svenfischer/.m2/repository/org/apache/logging/log4j/log4j-api/2.20.0/log4j-api-2.20.0.jar:/Users/svenfischer/.m2/repository/org/apache/logging/log4j/log4j-core/2.20.0/log4j-core-2.20.0.jar:/Users/svenfischer/.m2/repository/org/junit/jupiter/junit-jupiter-api/5.9.1/junit-jupiter-api-5.9.1.jar:/Users/svenfischer/.m2/repository/org/opentest4j/opentest4j/1.2.0/opentest4j-1.2.0.jar:/Users/svenfischer/.m2/repository/org/junit/platform/junit-platform-commons/1.9.1/junit-platform-commons-1.9.1.jar:/Users/svenfischer/.m2/repository/org/apiguardian/apiguardian-api/1.1.2/apiguardian-api-1.1.2.jar:/Users/svenfischer/.m2/repository/org/junit/jupiter/junit-jupiter-params/5.9.1/junit-jupiter-params-5.9.1.jar:"/>
    <property name="sun.cpu.endian" value="little"/>
    <property name="user.home" value="/Users/svenfischer"/>
    <property name="user.language" value="sk"/>
    <property name="java.specification.vendor" value="Oracle Corporation"/>
    <property name="java.version.date" value="2025-01-21"/>
    <property name="java.home" value="/opt/homebrew/Cellar/openjdk/23.0.2/libexec/openjdk.jdk/Contents/Home"/>
    <property name="file.separator" value="/"/>
    <property name="basedir" value="/Users/svenfischer/IdeaProjects/LastSurvivor"/>
    <property name="java.vm.compressedOopsMode" value="Zero based"/>
    <property name="line.separator" value="&#10;"/>
    <property name="java.vm.specification.vendor" value="Oracle Corporation"/>
    <property name="java.specification.name" value="Java Platform API Specification"/>
    <property name="apple.awt.application.name" value="ForkedBooter"/>
    <property name="surefire.real.class.path" value="/Users/svenfischer/IdeaProjects/LastSurvivor/target/surefire/surefirebooter-20250427182632732_3.jar"/>
    <property name="sun.management.compiler" value="HotSpot 64-Bit Tiered Compilers"/>
    <property name="ftp.nonProxyHosts" value="local|*.local|169.254/16|*.169.254/16"/>
    <property name="java.runtime.version" value="23.0.2"/>
    <property name="user.name" value="svenfischer"/>
    <property name="stdout.encoding" value="UTF-8"/>
    <property name="path.separator" value=":"/>
    <property name="os.version" value="14.5"/>
    <property name="java.runtime.name" value="OpenJDK Runtime Environment"/>
    <property name="file.encoding" value="UTF-8"/>
    <property name="java.vm.name" value="OpenJDK 64-Bit Server VM"/>
    <property name="java.vendor.version" value="Homebrew"/>
    <property name="localRepository" value="/Users/svenfischer/.m2/repository"/>
    <property name="java.vendor.url.bug" value="https://github.com/Homebrew/homebrew-core/issues"/>
    <property name="java.io.tmpdir" value="/var/folders/c7/49ld84wx57s1vx50myh6124r0000gn/T/"/>
    <property name="java.version" value="23.0.2"/>
    <property name="user.dir" value="/Users/svenfischer/IdeaProjects/LastSurvivor"/>
    <property name="os.arch" value="aarch64"/>
    <property name="java.vm.specification.name" value="Java Virtual Machine Specification"/>
    <property name="native.encoding" value="UTF-8"/>
    <property name="java.library.path" value="/Users/svenfischer/Library/Java/Extensions:/Library/Java/Extensions:/Network/Library/Java/Extensions:/System/Library/Java/Extensions:/usr/lib/java:."/>
    <property name="java.vm.info" value="mixed mode, sharing"/>
    <property name="stderr.encoding" value="UTF-8"/>
    <property name="java.vendor" value="Homebrew"/>
    <property name="java.vm.version" value="23.0.2"/>
    <property name="sun.io.unicode.encoding" value="UnicodeBig"/>
    <property name="socksNonProxyHosts" value="local|*.local|169.254/16|*.169.254/16"/>
    <property name="java.class.version" value="67.0"/>
  </properties>
  <testcase name="checkCollisions_potionAtPlayerPosition_collides" classname="Main.Game.Collectible.Potions.PotionCollisionHandlerTest" time="0.002">
    <system-out><![CDATA[18:26:41.212 [main] INFO  Main.Game.Character.Player - Player was inicialized
]]></system-out>
  </testcase>
  <testcase name="constructor_initializesCorrectly" classname="Main.Game.Collectible.Potions.PotionCollisionHandlerTest" time="0.001">
    <system-out><![CDATA[18:26:41.213 [main] INFO  Main.Game.Character.Player - Player was inicialized
]]></system-out>
  </testcase>
  <testcase name="checkCollisions_noPotions_doesNothing" classname="Main.Game.Collectible.Potions.PotionCollisionHandlerTest" time="0.001">
    <system-out><![CDATA[18:26:41.215 [main] INFO  Main.Game.Character.Player - Player was inicialized
]]></system-out>
  </testcase>
  <testcase name="checkCollisions_potionCollides_addsToInventoryAndRemoves" classname="Main.Game.Collectible.Potions.PotionCollisionHandlerTest" time="0.001">
    <system-out><![CDATA[18:26:41.216 [main] INFO  Main.Game.Character.Player - Player was inicialized
]]></system-out>
  </testcase>
  <testcase name="checkCollisions_potionDoesNotCollide_staysInList" classname="Main.Game.Collectible.Potions.PotionCollisionHandlerTest" time="0.001">
    <system-out><![CDATA[18:26:41.216 [main] INFO  Main.Game.Character.Player - Player was inicialized
]]></system-out>
  </testcase>
  <testcase name="checkCollisions_multiplePotions_someCollide" classname="Main.Game.Collectible.Potions.PotionCollisionHandlerTest" time="0.001">
    <system-out><![CDATA[18:26:41.217 [main] INFO  Main.Game.Character.Player - Player was inicialized
]]></system-out>
  </testcase>
</testsuite>